{"summary":{"outcome":"Failed","testsRan":1,"passing":0,"failing":1,"skipped":0,"passRate":"0%","failRate":"100%","skipRate":"0%","testStartTime":"2024-10-11T14:01:09.000Z","testSetupTimeInMs":0,"testExecutionTimeInMs":535,"testTotalTimeInMs":535,"commandTimeInMs":177,"hostname":"https://redtag-4e-dev-ed.develop.my.salesforce.com","orgId":"00DQy00000ChJIDMA3","username":"andriifreishyn@mentorship.com","testRunId":"707Qy00000CfVEU","userId":"005Qy000007xUCXIA2"},"tests":[{"id":"07MQy000002PeNhMAK","queueItemId":"709Qy0000041mujIAA","stackTrace":"Class.PlannedSalesHandlerTest.testUpdatePlannedSales_HappyPath: line 26, column 1","message":"System.DmlException: Insert failed. First exception on row 0; first error: REQUIRED_FIELD_MISSING, Required fields are missing: [Name]: [Name]","asyncApexJobId":"707Qy00000CfVEUIA3","methodName":"testUpdatePlannedSales_HappyPath","outcome":"Fail","apexLogId":null,"apexClass":{"id":"01pQy000007YOlRIAW","name":"PlannedSalesHandlerTest","namespacePrefix":null,"fullName":"PlannedSalesHandlerTest"},"runTime":535,"testTimestamp":"2024-10-11T14:01:09.000+0000","fullName":"PlannedSalesHandlerTest.testUpdatePlannedSales_HappyPath","diagnostic":{"exceptionMessage":"System.DmlException: Insert failed. First exception on row 0; first error: REQUIRED_FIELD_MISSING, Required fields are missing: [Name]: [Name]","exceptionStackTrace":"Class.PlannedSalesHandlerTest.testUpdatePlannedSales_HappyPath: line 26, column 1","className":"PlannedSalesHandlerTest","compileProblem":"","lineNumber":26,"columnNumber":1}}]}