{"summary":{"outcome":"Failed","testsRan":1,"passing":0,"failing":1,"skipped":0,"passRate":"0%","failRate":"100%","skipRate":"0%","testStartTime":"2024-10-11T13:59:58.000Z","testSetupTimeInMs":0,"testExecutionTimeInMs":426,"testTotalTimeInMs":426,"commandTimeInMs":206,"hostname":"https://redtag-4e-dev-ed.develop.my.salesforce.com","orgId":"00DQy00000ChJIDMA3","username":"andriifreishyn@mentorship.com","testRunId":"707Qy00000CfWSy","userId":"005Qy000007xUCXIA2"},"tests":[{"id":"07MQy000002PdprMAC","queueItemId":"709Qy0000041kcsIAA","stackTrace":"Class.PlannedSalesHandlerTest.testUpdatePlannedSales_HappyPath: line 14, column 1","message":"System.DmlException: Insert failed. First exception on row 0; first error: REQUIRED_FIELD_MISSING, Required fields are missing: [Brand__c, Model__c, VIN_Number__c, Mileage__c]: [Brand__c, Model__c, VIN_Number__c, Mileage__c]","asyncApexJobId":"707Qy00000CfWSyIAN","methodName":"testUpdatePlannedSales_HappyPath","outcome":"Fail","apexLogId":null,"apexClass":{"id":"01pQy000007YOlRIAW","name":"PlannedSalesHandlerTest","namespacePrefix":null,"fullName":"PlannedSalesHandlerTest"},"runTime":426,"testTimestamp":"2024-10-11T13:59:58.000+0000","fullName":"PlannedSalesHandlerTest.testUpdatePlannedSales_HappyPath","diagnostic":{"exceptionMessage":"System.DmlException: Insert failed. First exception on row 0; first error: REQUIRED_FIELD_MISSING, Required fields are missing: [Brand__c, Model__c, VIN_Number__c, Mileage__c]: [Brand__c, Model__c, VIN_Number__c, Mileage__c]","exceptionStackTrace":"Class.PlannedSalesHandlerTest.testUpdatePlannedSales_HappyPath: line 14, column 1","className":"PlannedSalesHandlerTest","compileProblem":"","lineNumber":14,"columnNumber":1}}]}