{"summary":{"outcome":"Failed","testsRan":1,"passing":0,"failing":1,"skipped":0,"passRate":"0%","failRate":"100%","skipRate":"0%","testStartTime":"2024-10-11T08:54:39.000Z","testSetupTimeInMs":0,"testExecutionTimeInMs":763,"testTotalTimeInMs":763,"commandTimeInMs":201,"hostname":"https://redtag-4e-dev-ed.develop.my.salesforce.com","orgId":"00DQy00000ChJIDMA3","username":"andriifreishyn@mentorship.com","testRunId":"707Qy00000Cew3X","userId":"005Qy000007xUCXIA2"},"tests":[{"id":"07MQy000002PI5RMAW","queueItemId":"709Qy0000041DZcIAM","stackTrace":"Class.PlannedSalesHandlerTest.testUpdatePlannedSales: line 17, column 1","message":"System.DmlException: Insert failed. First exception on row 0; first error: REQUIRED_FIELD_MISSING, Required fields are missing: [Name]: [Name]","asyncApexJobId":"707Qy00000Cew3XIAR","methodName":"testUpdatePlannedSales","outcome":"Fail","apexLogId":null,"apexClass":{"id":"01pQy000007YOlRIAW","name":"PlannedSalesHandlerTest","namespacePrefix":null,"fullName":"PlannedSalesHandlerTest"},"runTime":763,"testTimestamp":"2024-10-11T08:54:39.000+0000","fullName":"PlannedSalesHandlerTest.testUpdatePlannedSales","diagnostic":{"exceptionMessage":"System.DmlException: Insert failed. First exception on row 0; first error: REQUIRED_FIELD_MISSING, Required fields are missing: [Name]: [Name]","exceptionStackTrace":"Class.PlannedSalesHandlerTest.testUpdatePlannedSales: line 17, column 1","className":"PlannedSalesHandlerTest","compileProblem":"","lineNumber":17,"columnNumber":1}}]}