{"summary":{"outcome":"Failed","testsRan":1,"passing":0,"failing":1,"skipped":0,"passRate":"0%","failRate":"100%","skipRate":"0%","testStartTime":"2024-10-11T08:59:11.000Z","testSetupTimeInMs":0,"testExecutionTimeInMs":574,"testTotalTimeInMs":574,"commandTimeInMs":215,"hostname":"https://redtag-4e-dev-ed.develop.my.salesforce.com","orgId":"00DQy00000ChJIDMA3","username":"andriifreishyn@mentorship.com","testRunId":"707Qy00000CexnO","userId":"005Qy000007xUCXIA2"},"tests":[{"id":"07MQy000002PIS1MAO","queueItemId":"709Qy0000041KTpIAM","stackTrace":"Class.PlannedSalesHandlerTest.testUpdatePlannedSales: line 22, column 1","message":"System.DmlException: Insert failed. First exception on row 0; first error: REQUIRED_FIELD_MISSING, Required fields are missing: [Brand__c, Model__c, VIN_Number__c, Mileage__c]: [Brand__c, Model__c, VIN_Number__c, Mileage__c]","asyncApexJobId":"707Qy00000CexnOIAR","methodName":"testUpdatePlannedSales","outcome":"Fail","apexLogId":null,"apexClass":{"id":"01pQy000007YOlRIAW","name":"PlannedSalesHandlerTest","namespacePrefix":null,"fullName":"PlannedSalesHandlerTest"},"runTime":574,"testTimestamp":"2024-10-11T08:59:11.000+0000","fullName":"PlannedSalesHandlerTest.testUpdatePlannedSales","diagnostic":{"exceptionMessage":"System.DmlException: Insert failed. First exception on row 0; first error: REQUIRED_FIELD_MISSING, Required fields are missing: [Brand__c, Model__c, VIN_Number__c, Mileage__c]: [Brand__c, Model__c, VIN_Number__c, Mileage__c]","exceptionStackTrace":"Class.PlannedSalesHandlerTest.testUpdatePlannedSales: line 22, column 1","className":"PlannedSalesHandlerTest","compileProblem":"","lineNumber":22,"columnNumber":1}}]}